[debug] [2024-07-25T06:43:00.974Z] ----------------------------------------------------------------------
[debug] [2024-07-25T06:43:00.975Z] Command:       /usr/local/bin/node /Users/ajaynegi/.npm-global/bin/firebase init
[debug] [2024-07-25T06:43:00.975Z] CLI Version:   13.13.3
[debug] [2024-07-25T06:43:00.975Z] Platform:      darwin
[debug] [2024-07-25T06:43:00.975Z] Node Version:  v18.17.1
[debug] [2024-07-25T06:43:00.976Z] Time:          Thu Jul 25 2024 12:13:00 GMT+0530 (India Standard Time)
[debug] [2024-07-25T06:43:00.976Z] ----------------------------------------------------------------------
[debug] 
[debug] [2024-07-25T06:43:00.978Z] > command requires scopes: ["email","openid","https://www.googleapis.com/auth/cloudplatformprojects.readonly","https://www.googleapis.com/auth/firebase","https://www.googleapis.com/auth/cloud-platform"]
[debug] [2024-07-25T06:43:00.979Z] > authorizing via signed-in user (ajaynegi3345@gmail.com)
[info] 
     ######## #### ########  ######## ########     ###     ######  ########
     ##        ##  ##     ## ##       ##     ##  ##   ##  ##       ##
     ######    ##  ########  ######   ########  #########  ######  ######
     ##        ##  ##    ##  ##       ##     ## ##     ##       ## ##
     ##       #### ##     ## ######## ########  ##     ##  ######  ########

You're about to initialize a Firebase project in this directory:

  /Users/ajaynegi/Downloads/uttarakhand-culture

[info] 
=== Project Setup
[info] 
[info] First, let's associate this project directory with a Firebase project.
[info] You can create multiple project aliases by running firebase use --add, 
[info] but for now we'll just set up a default project.
[info] 
[debug] [2024-07-25T06:43:13.865Z] > refreshing access token with scopes: []
[debug] [2024-07-25T06:43:13.868Z] >>> [apiv2][query] POST https://www.googleapis.com/oauth2/v3/token [none]
[debug] [2024-07-25T06:43:13.869Z] >>> [apiv2][body] POST https://www.googleapis.com/oauth2/v3/token [omitted]
[debug] [2024-07-25T06:43:14.139Z] <<< [apiv2][status] POST https://www.googleapis.com/oauth2/v3/token 200
[debug] [2024-07-25T06:43:14.139Z] <<< [apiv2][body] POST https://www.googleapis.com/oauth2/v3/token [omitted]
[debug] [2024-07-25T06:43:14.155Z] >>> [apiv2][query] GET https://firebase.googleapis.com/v1beta1/projects pageSize=100
[debug] [2024-07-25T06:43:15.140Z] <<< [apiv2][status] GET https://firebase.googleapis.com/v1beta1/projects 200
[debug] [2024-07-25T06:43:15.140Z] <<< [apiv2][body] GET https://firebase.googleapis.com/v1beta1/projects [omitted]
